Info: Starting: Create block symbol file (.bsf)
Info: ip-generate --project-directory=C:/Users/PC/Desktop/calc_def/ --output-directory=C:/Users/PC/Desktop/calc_def/calc_qsys/ --report-file=bsf:C:/Users/PC/Desktop/calc_def/calc_qsys.bsf --system-info=DEVICE_FAMILY="Cyclone IV E" --system-info=DEVICE=EP4CE115F29C7 --system-info=DEVICE_SPEEDGRADE=7 --component-file=C:/Users/PC/Desktop/calc_def/calc_qsys.qsys
Progress: Loading calc_def/calc_qsys.qsys
Progress: Reading input file
Progress: Adding clk_0 [clock_source 12.1]
Progress: Parameterizing module clk_0
Progress: Adding nios2_qsys_0 [altera_nios2_qsys 12.1]
Progress: Parameterizing module nios2_qsys_0
Progress: Adding onchip_memory2_0 [altera_avalon_onchip_memory2 12.1]
Progress: Parameterizing module onchip_memory2_0
Progress: Adding jtag_uart_0 [altera_avalon_jtag_uart 12.1]
Progress: Parameterizing module jtag_uart_0
Progress: Building connections
Progress: Parameterizing connections
Progress: Validating
Progress: Done reading input file
Info: calc_qsys.onchip_memory2_0: Memory will be initialized from onchip_memory2_0.hex
Info: ip-generate succeeded.
Info: Finished: Create block symbol file (.bsf)
Info: 
Info: Starting: Create HDL design files for synthesis
Info: ip-generate --project-directory=C:/Users/PC/Desktop/calc_def/ --output-directory=C:/Users/PC/Desktop/calc_def/calc_qsys/synthesis/ --file-set=QUARTUS_SYNTH --report-file=sopcinfo:C:/Users/PC/Desktop/calc_def/calc_qsys.sopcinfo --report-file=html:C:/Users/PC/Desktop/calc_def/calc_qsys.html --report-file=qip:C:/Users/PC/Desktop/calc_def/calc_qsys/synthesis/calc_qsys.qip --report-file=cmp:C:/Users/PC/Desktop/calc_def/calc_qsys.cmp --system-info=DEVICE_FAMILY="Cyclone IV E" --system-info=DEVICE=EP4CE115F29C7 --system-info=DEVICE_SPEEDGRADE=7 --component-file=C:/Users/PC/Desktop/calc_def/calc_qsys.qsys
Progress: Loading calc_def/calc_qsys.qsys
Progress: Reading input file
Progress: Adding clk_0 [clock_source 12.1]
Progress: Parameterizing module clk_0
Progress: Adding nios2_qsys_0 [altera_nios2_qsys 12.1]
Progress: Parameterizing module nios2_qsys_0
Progress: Adding onchip_memory2_0 [altera_avalon_onchip_memory2 12.1]
Progress: Parameterizing module onchip_memory2_0
Progress: Adding jtag_uart_0 [altera_avalon_jtag_uart 12.1]
Progress: Parameterizing module jtag_uart_0
Progress: Building connections
Progress: Parameterizing connections
Progress: Validating
Progress: Done reading input file
Info: calc_qsys.onchip_memory2_0: Memory will be initialized from onchip_memory2_0.hex
Info: calc_qsys: Generating calc_qsys "calc_qsys" for QUARTUS_SYNTH
Info: pipeline_bridge_swap_transform: After transform: 4 modules, 13 connections
Info: No custom instruction connections, skipping transform 
Info: merlin_translator_transform: After transform: 9 modules, 28 connections
Info: merlin_domain_transform: After transform: 18 modules, 73 connections
Info: merlin_router_transform: After transform: 23 modules, 88 connections
Info: reset_adaptation_transform: After transform: 24 modules, 90 connections
Info: merlin_network_to_switch_transform: After transform: 33 modules, 110 connections
Info: merlin_interrupt_mapper_transform: After transform: 34 modules, 113 connections
Info: nios2_qsys_0: Starting RTL generation for module 'calc_qsys_nios2_qsys_0'
Info: nios2_qsys_0:   Generation command is [exec C:/altera/12.1/quartus/../ip/altera/nios2_ip/altera_nios2/eperl.exe -I C:/altera/12.1/quartus/common/ip/altera/common/perl/5.8.3 -I C:/altera/12.1/quartus/sopc_builder/bin/europa -I C:/altera/12.1/quartus/sopc_builder/bin/perl_lib -I C:/altera/12.1/quartus/sopc_builder/bin -I C:/altera/12.1/quartus/../ip/altera/nios2_ip/altera_nios2/cpu_lib -I C:/altera/12.1/quartus/../ip/altera/nios2_ip/altera_nios2/nios_lib -I C:/altera/12.1/quartus/../ip/altera/nios2_ip/altera_nios2 -I C:/altera/12.1/quartus/../ip/altera/nios2_ip/altera_nios2 -- C:/altera/12.1/quartus/../ip/altera/nios2_ip/altera_nios2/generate_rtl.epl --name=calc_qsys_nios2_qsys_0 --dir=C:/Users/PC/AppData/Local/Temp/alt9492_2031978168172752042.dir/0001_nios2_qsys_0_gen/ --quartus_dir=C:/altera/12.1/quartus --verilog --config=C:/Users/PC/AppData/Local/Temp/alt9492_2031978168172752042.dir/0001_nios2_qsys_0_gen//calc_qsys_nios2_qsys_0_processor_configuration.pl  --do_build_sim=0    --bogus  ]
Info: nios2_qsys_0: # 2023.05.15 08:47:13 (*) Starting Nios II generation
Info: nios2_qsys_0: # 2023.05.15 08:47:13 (*)   Checking for plaintext license.
Info: nios2_qsys_0: # 2023.05.15 08:47:13 (*)   Couldn't query license setup in Quartus directory C:/altera/12.1/quartus
Info: nios2_qsys_0: # 2023.05.15 08:47:13 (*)   Defaulting to contents of LM_LICENSE_FILE environment variable
Info: nios2_qsys_0: # 2023.05.15 08:47:13 (*)   LM_LICENSE_FILE environment variable is empty
Info: nios2_qsys_0: # 2023.05.15 08:47:13 (*)   Plaintext license not found.
Info: nios2_qsys_0: # 2023.05.15 08:47:13 (*)   No license required to generate encrypted Nios II/e.
Info: nios2_qsys_0: # 2023.05.15 08:47:13 (*)   Elaborating CPU configuration settings
Info: nios2_qsys_0: # 2023.05.15 08:47:13 (*)   Creating all objects for CPU
Info: nios2_qsys_0: # 2023.05.15 08:47:15 (*)   Generating RTL from CPU objects
Info: nios2_qsys_0: # 2023.05.15 08:47:15 (*)   Creating plain-text RTL
Info: nios2_qsys_0: # 2023.05.15 08:47:19 (*) Done Nios II generation
Info: nios2_qsys_0: Done RTL generation for module 'calc_qsys_nios2_qsys_0'
Info: nios2_qsys_0: "calc_qsys" instantiated altera_nios2_qsys "nios2_qsys_0"
Info: Starting classic module elaboration.
      1 [main] sh 3200 find_fast_cwd: WARNING: Couldn't compute FAST_CWD pointer.  Please report this problem to
the public mailing list cygwin@cygwin.com
cygwin warning:
  MS-DOS style path detected: C:/altera/12.1/quartus/sopc_builder/bin/nios_sh
  Preferred POSIX equivalent is: /cygdrive/c/altera/12.1/quartus/sopc_builder/bin/nios_sh
  CYGWIN environment variable option "nodosfilewarning" turns off this warning.
  Consult the user's guide for more details about POSIX paths:
    http://cygwin.com/cygwin-ug-net/using.html#using-pathnames
Qt: Untested Windows version 6.2 detected!
"c:/altera/12.1/quartus/bin/jre/bin/java.exe" -Xmx512M -classpath "c:/altera/12.1/quartus/sopc_builder/bin/sopc_builder.jar;c:/altera/12.1/quartus/sopc_builder/bin/PinAssigner.jar;c:/altera/12.1/quartus/sopc_builder/bin/sopc_wizard.jar;c:/altera/12.1/quartus/sopc_builder/bin/jptf.jar" sopc_builder.sopc_builder  -d"c:/altera/12.1/quartus/sopc_builder" -notalkback=1 -projectnameyysystem.qpf -projectpathC:/Users/PC/AppData/Local/Temp/alt9492_2031978168172752042.dir/0002_sopclgen  --no_splash --refresh C:/Users/PC/AppData/Local/Temp/alt9492_2031978168172752042.dir/0002_sopclgen/yysystem.v --quartus_dir="c:/altera/12.1/quartus" --sopc_perl="c:/altera/12.1/quartus/bin/perl" --sopc_lib_path="++c:/altera/12.1/quartus/../ip/altera/sopc_builder_ip+c:/altera/12.1/quartus/../ip/altera/nios2_ip"
Info: Finished elaborating classic module.
Executing: C:/altera/12.1/quartus//sopc_builder/bin/sopc_builder --classic --generate C:/Users/PC/AppData/Local/Temp/alt9492_2031978168172752042.dir/0002_sopclgen/yysystem.ptf
Info: Running sopc_builder...
      1 [main] sh 1120 find_fast_cwd: WARNING: Couldn't compute FAST_CWD pointer.  Please report this problem to
the public mailing list cygwin@cygwin.com
cygwin warning:
  MS-DOS style path detected: C:/altera/12.1/quartus/sopc_builder/bin/nios_sh
  Preferred POSIX equivalent is: /cygdrive/c/altera/12.1/quartus/sopc_builder/bin/nios_sh
  CYGWIN environment variable option "nodosfilewarning" turns off this warning.
  Consult the user's guide for more details about POSIX paths:
    http://cygwin.com/cygwin-ug-net/using.html#using-pathnames
Qt: Untested Windows version 6.2 detected!
"c:/altera/12.1/quartus/bin/jre/bin/java.exe" -Xmx512M -classpath "c:/altera/12.1/quartus/sopc_builder/bin/sopc_builder.jar;c:/altera/12.1/quartus/sopc_builder/bin/PinAssigner.jar;c:/altera/12.1/quartus/sopc_builder/bin/sopc_wizard.jar;c:/altera/12.1/quartus/sopc_builder/bin/jptf.jar" sopc_builder.sopc_builder  -d"c:/altera/12.1/quartus/sopc_builder" -notalkback=1 -projectnameyysystem.qpf -projectpathC:/Users/PC/AppData/Local/Temp/alt9492_2031978168172752042.dir/0002_sopclgen  --generate C:/Users/PC/AppData/Local/Temp/alt9492_2031978168172752042.dir/0002_sopclgen/yysystem.v --quartus_dir="c:/altera/12.1/quartus" --sopc_perl="c:/altera/12.1/quartus/bin/perl" --sopc_lib_path="++c:/altera/12.1/quartus/../ip/altera/sopc_builder_ip+c:/altera/12.1/quartus/../ip/altera/nios2_ip"
No .sopc_builder configuration file(!)
.
# 2023.05.15 08:47:29 (*) Success: sopc_builder finished.
Info: onchip_memory2_0: "calc_qsys" instantiated altera_avalon_onchip_memory2 "onchip_memory2_0"
Info: Starting classic module elaboration.
      1 [main] sh 6908 find_fast_cwd: WARNING: Couldn't compute FAST_CWD pointer.  Please report this problem to
the public mailing list cygwin@cygwin.com
cygwin warning:
  MS-DOS style path detected: C:/altera/12.1/quartus/sopc_builder/bin/nios_sh
  Preferred POSIX equivalent is: /cygdrive/c/altera/12.1/quartus/sopc_builder/bin/nios_sh
  CYGWIN environment variable option "nodosfilewarning" turns off this warning.
  Consult the user's guide for more details about POSIX paths:
    http://cygwin.com/cygwin-ug-net/using.html#using-pathnames
Qt: Untested Windows version 6.2 detected!
"c:/altera/12.1/quartus/bin/jre/bin/java.exe" -Xmx512M -classpath "c:/altera/12.1/quartus/sopc_builder/bin/sopc_builder.jar;c:/altera/12.1/quartus/sopc_builder/bin/PinAssigner.jar;c:/altera/12.1/quartus/sopc_builder/bin/sopc_wizard.jar;c:/altera/12.1/quartus/sopc_builder/bin/jptf.jar" sopc_builder.sopc_builder  -d"c:/altera/12.1/quartus/sopc_builder" -notalkback=1 -projectnameyysystem.qpf -projectpathC:/Users/PC/AppData/Local/Temp/alt9492_2031978168172752042.dir/0003_sopclgen  --no_splash --refresh C:/Users/PC/AppData/Local/Temp/alt9492_2031978168172752042.dir/0003_sopclgen/yysystem.v --quartus_dir="c:/altera/12.1/quartus" --sopc_perl="c:/altera/12.1/quartus/bin/perl" --sopc_lib_path="++c:/altera/12.1/quartus/../ip/altera/sopc_builder_ip+c:/altera/12.1/quartus/../ip/altera/nios2_ip"
Info: Finished elaborating classic module.
Executing: C:/altera/12.1/quartus//sopc_builder/bin/sopc_builder --classic --generate C:/Users/PC/AppData/Local/Temp/alt9492_2031978168172752042.dir/0003_sopclgen/yysystem.ptf
Info: Running sopc_builder...
      1 [main] sh 7264 find_fast_cwd: WARNING: Couldn't compute FAST_CWD pointer.  Please report this problem to
the public mailing list cygwin@cygwin.com
cygwin warning:
  MS-DOS style path detected: C:/altera/12.1/quartus/sopc_builder/bin/nios_sh
  Preferred POSIX equivalent is: /cygdrive/c/altera/12.1/quartus/sopc_builder/bin/nios_sh
  CYGWIN environment variable option "nodosfilewarning" turns off this warning.
  Consult the user's guide for more details about POSIX paths:
    http://cygwin.com/cygwin-ug-net/using.html#using-pathnames
Qt: Untested Windows version 6.2 detected!
"c:/altera/12.1/quartus/bin/jre/bin/java.exe" -Xmx512M -classpath "c:/altera/12.1/quartus/sopc_builder/bin/sopc_builder.jar;c:/altera/12.1/quartus/sopc_builder/bin/PinAssigner.jar;c:/altera/12.1/quartus/sopc_builder/bin/sopc_wizard.jar;c:/altera/12.1/quartus/sopc_builder/bin/jptf.jar" sopc_builder.sopc_builder  -d"c:/altera/12.1/quartus/sopc_builder" -notalkback=1 -projectnameyysystem.qpf -projectpathC:/Users/PC/AppData/Local/Temp/alt9492_2031978168172752042.dir/0003_sopclgen  --generate C:/Users/PC/AppData/Local/Temp/alt9492_2031978168172752042.dir/0003_sopclgen/yysystem.v --quartus_dir="c:/altera/12.1/quartus" --sopc_perl="c:/altera/12.1/quartus/bin/perl" --sopc_lib_path="++c:/altera/12.1/quartus/../ip/altera/sopc_builder_ip+c:/altera/12.1/quartus/../ip/altera/nios2_ip"
No .sopc_builder configuration file(!)
.
# 2023.05.15 08:47:37 (*) Success: sopc_builder finished.
Info: jtag_uart_0: "calc_qsys" instantiated altera_avalon_jtag_uart "jtag_uart_0"
Info: nios2_qsys_0_instruction_master_translator: "calc_qsys" instantiated altera_merlin_master_translator "nios2_qsys_0_instruction_master_translator"
Info: nios2_qsys_0_jtag_debug_module_translator: "calc_qsys" instantiated altera_merlin_slave_translator "nios2_qsys_0_jtag_debug_module_translator"
Info: nios2_qsys_0_instruction_master_translator_avalon_universal_master_0_agent: "calc_qsys" instantiated altera_merlin_master_agent "nios2_qsys_0_instruction_master_translator_avalon_universal_master_0_agent"
Info: nios2_qsys_0_jtag_debug_module_translator_avalon_universal_slave_0_agent: "calc_qsys" instantiated altera_merlin_slave_agent "nios2_qsys_0_jtag_debug_module_translator_avalon_universal_slave_0_agent"
Info: nios2_qsys_0_jtag_debug_module_translator_avalon_universal_slave_0_agent_rsp_fifo: "calc_qsys" instantiated altera_avalon_sc_fifo "nios2_qsys_0_jtag_debug_module_translator_avalon_universal_slave_0_agent_rsp_fifo"
Info: addr_router: "calc_qsys" instantiated altera_merlin_router "addr_router"
Info: addr_router_001: "calc_qsys" instantiated altera_merlin_router "addr_router_001"
Info: id_router: "calc_qsys" instantiated altera_merlin_router "id_router"
Info: id_router_002: "calc_qsys" instantiated altera_merlin_router "id_router_002"
Info: rst_controller: "calc_qsys" instantiated altera_reset_controller "rst_controller"
Info: cmd_xbar_demux: "calc_qsys" instantiated altera_merlin_demultiplexer "cmd_xbar_demux"
Info: cmd_xbar_demux_001: "calc_qsys" instantiated altera_merlin_demultiplexer "cmd_xbar_demux_001"
Info: cmd_xbar_mux: "calc_qsys" instantiated altera_merlin_multiplexer "cmd_xbar_mux"
Info: rsp_xbar_demux_002: "calc_qsys" instantiated altera_merlin_demultiplexer "rsp_xbar_demux_002"
Info: rsp_xbar_mux: "calc_qsys" instantiated altera_merlin_multiplexer "rsp_xbar_mux"
Info: Reusing file C:/Users/PC/Desktop/calc_def/calc_qsys/synthesis/submodules/altera_merlin_arbitrator.sv
Info: rsp_xbar_mux_001: "calc_qsys" instantiated altera_merlin_multiplexer "rsp_xbar_mux_001"
Info: Reusing file C:/Users/PC/Desktop/calc_def/calc_qsys/synthesis/submodules/altera_merlin_arbitrator.sv
Info: irq_mapper: "calc_qsys" instantiated altera_irq_mapper "irq_mapper"
Info: calc_qsys: Done calc_qsys" with 21 modules, 53 files, 2473218 bytes
Info: ip-generate succeeded.
Info: Finished: Create HDL design files for synthesis
